\BOOKMARK [1][-]{section.1}{\376\377\000I\000n\000t\000r\000o\000d\000u\000c\000t\000i\000o\000n}{}% 1
\BOOKMARK [2][-]{subsection.1.1}{\376\377\000T\000h\000e\000\040\000Q\000u\000e\000s\000t\000\040\000f\000o\000r\000\040\000U\000n\000i\000f\000i\000c\000a\000t\000i\000o\000n}{section.1}% 2
\BOOKMARK [2][-]{subsection.1.2}{\376\377\000L\000i\000m\000i\000t\000a\000t\000i\000o\000n\000s\000\040\000a\000n\000d\000\040\000C\000a\000v\000e\000a\000t\000s}{section.1}% 3
\BOOKMARK [2][-]{subsection.1.3}{\376\377\000O\000u\000r\000\040\000F\000r\000a\000m\000e\000w\000o\000r\000k\000:\000\040\000B\000o\000o\000t\000s\000t\000r\000a\000p\000\040\000P\000r\000i\000n\000c\000i\000p\000l\000e\000s}{section.1}% 4
\BOOKMARK [3][-]{subsubsection.1.3.1}{\376\377\000B\000o\000o\000t\000s\000t\000r\000a\000p\000\040\000P\000h\000i\000l\000o\000s\000o\000p\000h\000y}{subsection.1.3}% 5
\BOOKMARK [3][-]{subsubsection.1.3.2}{\376\377\000P\000a\000r\000a\000m\000e\000t\000e\000r\000\040\000C\000o\000n\000s\000t\000r\000a\000i\000n\000t\000s}{subsection.1.3}% 6
\BOOKMARK [3][-]{subsubsection.1.3.3}{\376\377\000M\000a\000t\000h\000e\000m\000a\000t\000i\000c\000a\000l\000\040\000U\000n\000i\000f\000i\000c\000a\000t\000i\000o\000n}{subsection.1.3}% 7
\BOOKMARK [3][-]{subsubsection.1.3.4}{\376\377\000M\000i\000l\000l\000e\000n\000n\000i\000u\000m\000\040\000P\000r\000i\000z\000e\000\040\000P\000r\000o\000b\000l\000e\000m\000s}{subsection.1.3}% 8
\BOOKMARK [2][-]{subsection.1.4}{\376\377\000A\000c\000h\000i\000e\000v\000e\000m\000e\000n\000t\000s\000\040\000S\000u\000m\000m\000a\000r\000y}{section.1}% 9
\BOOKMARK [2][-]{subsection.1.5}{\376\377\000W\000h\000y\000\040\000T\000h\000i\000s\000\040\000M\000a\000t\000t\000e\000r\000s}{section.1}% 10
\BOOKMARK [1][-]{section.2}{\376\377\000E\000x\000\040\000N\000i\000h\000i\000l\000o\000\040\000B\000o\000o\000t\000s\000t\000r\000a\000p\000\040\000T\000h\000e\000o\000r\000y}{}% 11
\BOOKMARK [2][-]{subsection.2.1}{\376\377\000T\000h\000e\000\040\000B\000o\000o\000t\000s\000t\000r\000a\000p\000\040\000S\000e\000q\000u\000e\000n\000c\000e}{section.2}% 12
\BOOKMARK [3][-]{subsubsection.2.1.1}{\376\377\000S\000t\000e\000p\000\040\0001\000:\000\040\000Q\000u\000a\000n\000t\000u\000m\000\040\000F\000l\000u\000c\000t\000u\000a\000t\000i\000o\000n}{subsection.2.1}% 13
\BOOKMARK [3][-]{subsubsection.2.1.2}{\376\377\000S\000t\000e\000p\000\040\0002\000:\000\040\000S\000e\000e\000d\000\040\000N\000o\000d\000e\000\040\000C\000r\000e\000a\000t\000i\000o\000n\000\040\000a\000n\000d\000\040\000E\000n\000t\000a\000n\000g\000l\000e\000m\000e\000n\000t}{subsection.2.1}% 14
\BOOKMARK [3][-]{subsubsection.2.1.3}{\376\377\000S\000t\000e\000p\000\040\0003\000:\000\040\000G\000o\000l\000d\000e\000n\000\040\000R\000a\000t\000i\000o\000\040\000S\000t\000a\000b\000i\000l\000i\000z\000a\000t\000i\000o\000n}{subsection.2.1}% 15
\BOOKMARK [3][-]{subsubsection.2.1.4}{\376\377\000S\000t\000e\000p\000\040\0004\000:\000\040\000S\000e\000l\000f\000-\000R\000e\000p\000l\000i\000c\000a\000t\000i\000o\000n\000\040\000C\000a\000s\000c\000a\000d\000e}{subsection.2.1}% 16
\BOOKMARK [3][-]{subsubsection.2.1.5}{\376\377\000S\000t\000e\000p\000\040\0005\000:\000\040\000T\000o\000p\000o\000l\000o\000g\000i\000c\000a\000l\000\040\000C\000l\000o\000s\000u\000r\000e\000\040\000R\000e\000q\000u\000i\000r\000e\000m\000e\000n\000t}{subsection.2.1}% 17
\BOOKMARK [3][-]{subsubsection.2.1.6}{\376\377\000S\000t\000e\000p\000\040\0006\000:\000\040\000R\000i\000n\000g\000+\000C\000r\000o\000s\000s\000\040\000R\000i\000g\000i\000d\000i\000t\000y}{subsection.2.1}% 18
\BOOKMARK [3][-]{subsubsection.2.1.7}{\376\377\000S\000t\000e\000p\000\040\0007\000:\000\040\000E\0008\000\040\000E\000m\000e\000r\000g\000e\000n\000c\000e}{subsection.2.1}% 19
\BOOKMARK [2][-]{subsection.2.2}{\376\377\000M\000a\000t\000h\000e\000m\000a\000t\000i\000c\000a\000l\000\040\000F\000o\000u\000n\000d\000a\000t\000i\000o\000n}{section.2}% 20
\BOOKMARK [3][-]{subsubsection.2.2.1}{\376\377\000L\000y\000a\000p\000u\000n\000o\000v\000\040\000S\000t\000a\000b\000i\000l\000i\000t\000y\000\040\000A\000n\000a\000l\000y\000s\000i\000s}{subsection.2.2}% 21
\BOOKMARK [3][-]{subsubsection.2.2.2}{\376\377\000F\000i\000b\000o\000n\000a\000c\000c\000i\000-\000E\0008\000\040\000C\000o\000n\000n\000e\000c\000t\000i\000o\000n\000\040\000T\000h\000e\000o\000r\000e\000m}{subsection.2.2}% 22
\BOOKMARK [3][-]{subsubsection.2.2.3}{\376\377\000K\000A\000M\000\040\000S\000t\000a\000b\000i\000l\000i\000t\000y\000\040\000f\000o\000r\000\040\000G\000o\000l\000d\000e\000n\000\040\000R\000a\000t\000i\000o\000\040\000P\000h\000a\000s\000e\000s}{subsection.2.2}% 23
\BOOKMARK [2][-]{subsection.2.3}{\376\377\000U\000n\000i\000q\000u\000e\000n\000e\000s\000s\000\040\000P\000r\000o\000o\000f}{section.2}% 24
\BOOKMARK [3][-]{subsubsection.2.3.1}{\376\377\000V\000a\000r\000i\000a\000t\000i\000o\000n\000a\000l\000\040\000P\000r\000i\000n\000c\000i\000p\000l\000e}{subsection.2.3}% 25
\BOOKMARK [3][-]{subsubsection.2.3.2}{\376\377\000T\000o\000p\000o\000l\000o\000g\000i\000c\000a\000l\000\040\000R\000i\000g\000i\000d\000i\000t\000y\000\040\000T\000h\000e\000o\000r\000e\000m}{subsection.2.3}% 26
\BOOKMARK [3][-]{subsubsection.2.3.3}{\376\377\000E\0008\000\040\000E\000n\000c\000o\000d\000i\000n\000g\000\040\000N\000e\000c\000e\000s\000s\000i\000t\000y}{subsection.2.3}% 27
\BOOKMARK [3][-]{subsubsection.2.3.4}{\376\377\000F\000i\000b\000o\000n\000a\000c\000c\000i\000\040\000C\000o\000n\000n\000e\000c\000t\000i\000o\000n\000:\000\040\000N\000=\0002\0001\000=\000F\000\050\0008\000\051}{subsection.2.3}% 28
\BOOKMARK [3][-]{subsubsection.2.3.5}{\376\377\000V\000a\000r\000i\000a\000t\000i\000o\000n\000a\000l\000\040\000P\000r\000i\000n\000c\000i\000p\000l\000e\000:\000\040\000C\000o\000m\000p\000l\000e\000t\000e\000\040\000R\000i\000g\000o\000r\000o\000u\000s\000\040\000P\000r\000o\000o\000f}{subsection.2.3}% 29
\BOOKMARK [2][-]{subsection.2.4}{\376\377\000T\000o\000p\000o\000l\000o\000g\000i\000c\000a\000l\000\040\000I\000n\000v\000a\000r\000i\000a\000n\000t\000s}{section.2}% 30
\BOOKMARK [3][-]{subsubsection.2.4.1}{\376\377\000H\000o\000p\000f\000\040\000I\000n\000v\000a\000r\000i\000a\000n\000t}{subsection.2.4}% 31
\BOOKMARK [3][-]{subsubsection.2.4.2}{\376\377\000G\000a\000u\000g\000e\000\040\000I\000n\000v\000a\000r\000i\000a\000n\000c\000e}{subsection.2.4}% 32
\BOOKMARK [3][-]{subsubsection.2.4.3}{\376\377\000P\000h\000a\000s\000e\000\040\000Q\000u\000a\000n\000t\000i\000z\000a\000t\000i\000o\000n}{subsection.2.4}% 33
\BOOKMARK [1][-]{section.3}{\376\377\000E\0008\000\040\000T\000o\000p\000o\000l\000o\000g\000y\000\040\000a\000n\000d\000\040\000S\000t\000a\000n\000d\000a\000r\000d\000\040\000M\000o\000d\000e\000l\000\040\000D\000e\000r\000i\000v\000a\000t\000i\000o\000n}{}% 34
\BOOKMARK [2][-]{subsection.3.1}{\376\377\000R\000i\000n\000g\000+\000C\000r\000o\000s\000s\000\040\000G\000r\000a\000p\000h\000\040\000S\000t\000r\000u\000c\000t\000u\000r\000e}{section.3}% 35
\BOOKMARK [2][-]{subsection.3.2}{\376\377\000E\0008\000\040\000H\000o\000l\000o\000g\000r\000a\000p\000h\000i\000c\000\040\000E\000n\000c\000o\000d\000i\000n\000g\000:\000\040\000C\000o\000m\000p\000l\000e\000t\000e\000\040\000M\000a\000t\000h\000e\000m\000a\000t\000i\000c\000a\000l\000\040\000R\000e\000l\000a\000t\000i\000o\000n\000s\000h\000i\000p\000s}{section.3}% 36
\BOOKMARK [3][-]{subsubsection.3.2.1}{\376\377\000P\000r\000i\000m\000a\000r\000y\000\040\000E\000n\000c\000o\000d\000i\000n\000g\000:\000\040\000A\000d\000j\000o\000i\000n\000t\000\040\000D\000i\000m\000e\000n\000s\000i\000o\000n}{subsection.3.2}% 37
\BOOKMARK [3][-]{subsubsection.3.2.2}{\376\377\000A\000l\000t\000e\000r\000n\000a\000t\000i\000v\000e\000\040\000E\0008\000\040\000R\000e\000l\000a\000t\000i\000o\000n\000s\000h\000i\000p\000s}{subsection.3.2}% 38
\BOOKMARK [3][-]{subsubsection.3.2.3}{\376\377\000E\0008\000\040\000S\000t\000r\000u\000c\000t\000u\000r\000e\000\040\000a\000n\000d\000\040\000S\000y\000m\000m\000e\000t\000r\000y\000\040\000B\000r\000e\000a\000k\000i\000n\000g}{subsection.3.2}% 39
\BOOKMARK [3][-]{subsubsection.3.2.4}{\376\377\000C\000o\000n\000n\000e\000c\000t\000i\000o\000n\000\040\000t\000o\000\040\000S\000U\000\050\0005\000\051\000\040\000a\000n\000d\000\040\000G\000e\000n\000e\000r\000a\000t\000i\000o\000n\000\040\000S\000t\000r\000u\000c\000t\000u\000r\000e}{subsection.3.2}% 40
\BOOKMARK [3][-]{subsubsection.3.2.5}{\376\377\000H\000o\000l\000o\000g\000r\000a\000p\000h\000i\000c\000\040\000P\000r\000i\000n\000c\000i\000p\000l\000e\000\040\000a\000n\000d\000\040\000D\000i\000m\000e\000n\000s\000i\000o\000n\000a\000l\000\040\000R\000e\000d\000u\000c\000t\000i\000o\000n}{subsection.3.2}% 41
\BOOKMARK [3][-]{subsubsection.3.2.6}{\376\377\000W\000h\000y\000\040\000E\0008\000\040\000a\000n\000d\000\040\000N\000o\000t\000\040\000O\000t\000h\000e\000r\000\040\000E\000x\000c\000e\000p\000t\000i\000o\000n\000a\000l\000\040\000G\000r\000o\000u\000p\000s\000?}{subsection.3.2}% 42
\BOOKMARK [3][-]{subsubsection.3.2.7}{\376\377\000E\0008\000\040\000R\000o\000o\000t\000\040\000L\000a\000t\000t\000i\000c\000e\000\040\000a\000n\000d\000\040\000G\000o\000l\000d\000e\000n\000\040\000R\000a\000t\000i\000o}{subsection.3.2}% 43
\BOOKMARK [2][-]{subsection.3.3}{\376\377\000G\000e\000n\000e\000r\000a\000t\000i\000o\000n\000\040\000S\000t\000r\000u\000c\000t\000u\000r\000e\000\040\000a\000n\000d\000\040\000F\000e\000r\000m\000i\000o\000n\000\040\000C\000o\000n\000t\000e\000n\000t}{section.3}% 44
\BOOKMARK [3][-]{subsubsection.3.3.1}{\376\377\000T\000h\000r\000e\000e\000\040\000G\000e\000n\000e\000r\000a\000t\000i\000o\000n\000s\000\040\000f\000r\000o\000m\000\040\000T\000o\000p\000o\000l\000o\000g\000y}{subsection.3.3}% 45
\BOOKMARK [3][-]{subsubsection.3.3.2}{\376\377\000G\000e\000n\000e\000r\000a\000t\000i\000o\000n\000\040\000S\000e\000c\000t\000o\000r\000\040\000G\000e\000o\000m\000e\000t\000r\000y}{subsection.3.3}% 46
\BOOKMARK [3][-]{subsubsection.3.3.3}{\376\377\000F\000e\000r\000m\000i\000o\000n\000\040\000A\000s\000s\000i\000g\000n\000m\000e\000n\000t}{subsection.3.3}% 47
\BOOKMARK [3][-]{subsubsection.3.3.4}{\376\377\000C\000r\000o\000s\000s\000-\000L\000i\000n\000k\000s\000\040\000a\000n\000d\000\040\000M\000i\000x\000i\000n\000g\000\040\000A\000n\000g\000l\000e\000s}{subsection.3.3}% 48
\BOOKMARK [3][-]{subsubsection.3.3.5}{\376\377\000N\000e\000u\000t\000r\000i\000n\000o\000\040\000M\000a\000s\000s\000\040\000H\000i\000e\000r\000a\000r\000c\000h\000y}{subsection.3.3}% 49
\BOOKMARK [2][-]{subsection.3.4}{\376\377\000S\000y\000m\000m\000e\000t\000r\000y\000\040\000B\000r\000e\000a\000k\000i\000n\000g\000\040\000C\000a\000s\000c\000a\000d\000e}{section.3}% 50
\BOOKMARK [3][-]{subsubsection.3.4.1}{\376\377\000E\0008\000\040\041\222\000\040\000E\0007\000\040\000\327\000\040\000S\000U\000\050\0002\000\051\000\040\000\050\000F\000i\000b\000o\000n\000a\000c\000c\000i\000\040\000B\000r\000e\000a\000k\000i\000n\000g\000\051}{subsection.3.4}% 51
\BOOKMARK [3][-]{subsubsection.3.4.2}{\376\377\000E\0007\000\040\041\222\000\040\000E\0006\000\040\000\327\000\040\000U\000\050\0001\000\051\000\040\000\050\000C\000r\000o\000s\000s\000-\000R\000i\000n\000g\000\040\000B\000r\000e\000a\000k\000i\000n\000g\000\051}{subsection.3.4}% 52
\BOOKMARK [3][-]{subsubsection.3.4.3}{\376\377\000E\0006\000\040\041\222\000\040\000S\000O\000\050\0001\0000\000\051\000\040\000\327\000\040\000U\000\050\0001\000\051\000\040\000\050\0003\000\327\0007\000\040\000S\000t\000r\000u\000c\000t\000u\000r\000e\000\051}{subsection.3.4}% 53
\BOOKMARK [3][-]{subsubsection.3.4.4}{\376\377\000S\000O\000\050\0001\0000\000\051\000\040\041\222\000\040\000S\000U\000\050\0005\000\051\000\040\000\050\0001\0003\000-\0008\000=\0005\000\040\000P\000a\000t\000t\000e\000r\000n\000\051}{subsection.3.4}% 54
\BOOKMARK [3][-]{subsubsection.3.4.5}{\376\377\000S\000U\000\050\0005\000\051\000\040\041\222\000\040\000S\000t\000a\000n\000d\000a\000r\000d\000\040\000M\000o\000d\000e\000l}{subsection.3.4}% 55
\BOOKMARK [2][-]{subsection.3.5}{\376\377\000C\000o\000m\000p\000l\000e\000t\000e\000\040\000M\000a\000s\000s\000\040\000D\000e\000r\000i\000v\000a\000t\000i\000o\000n\000\040\000\050\000Z\000e\000r\000o\000\040\000F\000r\000e\000e\000\040\000P\000a\000r\000a\000m\000e\000t\000e\000r\000s\000\051}{section.3}% 56
\BOOKMARK [3][-]{subsubsection.3.5.1}{\376\377\000E\000l\000e\000c\000t\000r\000o\000w\000e\000a\000k\000\040\000V\000E\000V\000\040\000D\000e\000r\000i\000v\000a\000t\000i\000o\000n}{subsection.3.5}% 57
\BOOKMARK [3][-]{subsubsection.3.5.2}{\376\377\000H\000i\000g\000g\000s\000\040\000V\000E\000V\000:\000\040\000F\000r\000o\000m\000\040\000P\000l\000a\000n\000c\000k\000\040\000S\000c\000a\000l\000e\000\040\000t\000o\000\040\000E\000l\000e\000c\000t\000r\000o\000w\000e\000a\000k\000\040\000S\000c\000a\000l\000e}{subsection.3.5}% 58
\BOOKMARK [3][-]{subsubsection.3.5.3}{\376\377\000B\000o\000s\000o\000n\000\040\000M\000a\000s\000s\000\040\000D\000e\000r\000i\000v\000a\000t\000i\000o\000n\000:\000\040\000S\000t\000e\000p\000-\000b\000y\000-\000S\000t\000e\000p}{subsection.3.5}% 59
\BOOKMARK [3][-]{subsubsection.3.5.4}{\376\377\000F\000e\000r\000m\000i\000o\000n\000\040\000M\000a\000s\000s\000\040\000D\000e\000r\000i\000v\000a\000t\000i\000o\000n\000:\000\040\000C\000o\000m\000p\000l\000e\000t\000e\000\040\000E\0008\000\040\000\040\000S\000M\000\040\000C\000h\000a\000i\000n}{subsection.3.5}% 60
\BOOKMARK [2][-]{subsection.3.6}{\376\377\000Q\000C\000D\000\040\000C\000o\000n\000f\000i\000n\000e\000m\000e\000n\000t\000\040\000f\000r\000o\000m\000\040\000T\000o\000p\000o\000l\000o\000g\000y\000:\000\040\000C\000o\000m\000p\000l\000e\000t\000e\000\040\000D\000e\000r\000i\000v\000a\000t\000i\000o\000n}{section.3}% 61
\BOOKMARK [3][-]{subsubsection.3.6.1}{\376\377\000M\000e\000c\000h\000a\000n\000i\000s\000m\000\040\0001\000:\000\040\000T\000o\000p\000o\000l\000o\000g\000i\000c\000a\000l\000\040\000C\000l\000o\000s\000u\000r\000e\000\040\000F\000o\000r\000c\000e\000s\000\040\000C\000o\000l\000o\000r\000\040\000N\000e\000u\000t\000r\000a\000l\000i\000t\000y}{subsection.3.6}% 62
\BOOKMARK [3][-]{subsubsection.3.6.2}{\376\377\000M\000e\000c\000h\000a\000n\000i\000s\000m\000\040\0002\000:\000\040\000S\000t\000r\000i\000n\000g\000\040\000T\000e\000n\000s\000i\000o\000n\000\040\000f\000r\000o\000m\000\040\000E\000d\000g\000e\000-\000B\000r\000e\000a\000k\000i\000n\000g\000\040\000E\000n\000e\000r\000g\000y}{subsection.3.6}% 63
\BOOKMARK [3][-]{subsubsection.3.6.3}{\376\377\000M\000e\000c\000h\000a\000n\000i\000s\000m\000\040\0003\000:\000\040\000F\000l\000u\000x\000\040\000T\000u\000b\000e\000\040\000F\000o\000r\000m\000a\000t\000i\000o\000n\000\040\000a\000n\000d\000\040\000A\000r\000e\000a\000\040\000L\000a\000w}{subsection.3.6}% 64
\BOOKMARK [3][-]{subsubsection.3.6.4}{\376\377\000C\000h\000i\000r\000a\000l\000\040\000S\000y\000m\000m\000e\000t\000r\000y\000\040\000B\000r\000e\000a\000k\000i\000n\000g\000\040\000a\000n\000d\000\040\000Q\000u\000a\000r\000k\000\040\000C\000o\000n\000d\000e\000n\000s\000a\000t\000e}{subsection.3.6}% 65
\BOOKMARK [3][-]{subsubsection.3.6.5}{\376\377\000G\000l\000u\000e\000b\000a\000l\000l\000\040\000S\000p\000e\000c\000t\000r\000u\000m\000\040\000P\000r\000e\000d\000i\000c\000t\000i\000o\000n}{subsection.3.6}% 66
\BOOKMARK [3][-]{subsubsection.3.6.6}{\376\377\000S\000u\000m\000m\000a\000r\000y\000:\000\040\000Q\000C\000D\000\040\000C\000o\000n\000f\000i\000n\000e\000m\000e\000n\000t\000\040\000C\000o\000m\000p\000l\000e\000t\000e}{subsection.3.6}% 67
\BOOKMARK [3][-]{subsubsection.3.6.7}{\376\377\000C\000P\000\040\000V\000i\000o\000l\000a\000t\000i\000o\000n\000\040\000D\000e\000r\000i\000v\000a\000t\000i\000o\000n}{subsection.3.6}% 68
\BOOKMARK [3][-]{subsubsection.3.6.8}{\376\377\000F\000i\000n\000e\000\040\000S\000t\000r\000u\000c\000t\000u\000r\000e\000\040\000C\000o\000n\000s\000t\000a\000n\000t\000\040\000D\000e\000r\000i\000v\000a\000t\000i\000o\000n}{subsection.3.6}% 69
\BOOKMARK [2][-]{subsection.3.7}{\376\377\000O\000f\000f\000-\000D\000i\000a\000g\000o\000n\000a\000l\000\040\000Y\000u\000k\000a\000w\000a\000\040\000a\000n\000d\000\040\000C\000K\000M\000\040\000M\000i\000x\000i\000n\000g\000:\000\040\000C\000o\000m\000p\000l\000e\000t\000e\000\040\000A\000n\000a\000l\000y\000s\000i\000s}{section.3}% 70
\BOOKMARK [3][-]{subsubsection.3.7.1}{\376\377\000P\000r\000o\000b\000l\000e\000m\000\040\000S\000t\000a\000t\000e\000m\000e\000n\000t}{subsection.3.7}% 71
\BOOKMARK [3][-]{subsubsection.3.7.2}{\376\377\000N\000=\0002\0001\000=\0003\000\327\0007\000\040\000S\000t\000r\000u\000c\000t\000u\000r\000e\000\040\000E\000x\000p\000l\000a\000i\000n\000s\000\040\000T\000h\000r\000e\000e\000\040\000G\000e\000n\000e\000r\000a\000t\000i\000o\000n\000s}{subsection.3.7}% 72
\BOOKMARK [3][-]{subsubsection.3.7.3}{\376\377\000O\000f\000f\000-\000D\000i\000a\000g\000o\000n\000a\000l\000\040\000Y\000u\000k\000a\000w\000a\000\040\000F\000o\000r\000m\000u\000l\000a}{subsection.3.7}% 73
\BOOKMARK [3][-]{subsubsection.3.7.4}{\376\377\000S\000U\000\050\0005\000\051\000\040\000C\000l\000e\000b\000s\000c\000h\000-\000G\000o\000r\000d\000a\000n\000\040\000C\000o\000e\000f\000f\000i\000c\000i\000e\000n\000t\000s}{subsection.3.7}% 74
\BOOKMARK [3][-]{subsubsection.3.7.5}{\376\377\000C\000o\000m\000p\000l\000e\000t\000e\000\040\000C\000a\000b\000i\000b\000b\000o\000\040\000A\000n\000g\000l\000e\000\040\000D\000e\000r\000i\000v\000a\000t\000i\000o\000n}{subsection.3.7}% 75
\BOOKMARK [3][-]{subsubsection.3.7.6}{\376\377\000C\000P\000\040\000P\000h\000a\000s\000e\000\040\000f\000r\000o\000m\000\040\000G\000o\000l\000d\000e\000n\000\040\000R\000a\000t\000i\000o}{subsection.3.7}% 76
\BOOKMARK [3][-]{subsubsection.3.7.7}{\376\377\000C\000o\000m\000p\000l\000e\000t\000e\000\040\000C\000K\000M\000\040\000M\000a\000t\000r\000i\000x\000\040\000P\000r\000e\000d\000i\000c\000t\000i\000o\000n}{subsection.3.7}% 77
\BOOKMARK [3][-]{subsubsection.3.7.8}{\376\377\000S\000t\000a\000t\000u\000s\000\040\000a\000n\000d\000\040\000R\000e\000m\000a\000i\000n\000i\000n\000g\000\040\000W\000o\000r\000k}{subsection.3.7}% 78
\BOOKMARK [1][-]{section.4}{\376\377\000S\000y\000s\000t\000e\000m\000a\000t\000i\000c\000\040\000R\000e\000s\000o\000l\000u\000t\000i\000o\000n\000\040\000o\000f\000\040\000C\000r\000i\000t\000i\000c\000i\000s\000m\000s}{}% 79
\BOOKMARK [2][-]{subsection.4.1}{\376\377\000O\000v\000e\000r\000v\000i\000e\000w\000\040\000o\000f\000\040\000I\000d\000e\000n\000t\000i\000f\000i\000e\000d\000\040\000G\000a\000p\000s}{section.4}% 80
\BOOKMARK [2][-]{subsection.4.2}{\376\377\000R\000e\000s\000o\000l\000u\000t\000i\000o\000n\000\040\000S\000t\000a\000t\000u\000s}{section.4}% 81
\BOOKMARK [3][-]{subsubsection.4.2.1}{\376\377\000A\000d\000d\000r\000e\000s\000s\000e\000d\000\040\000C\000r\000i\000t\000i\000c\000i\000s\000m\000s\000\040\000\050\0003\000/\0005\000\051}{subsection.4.2}% 82
\BOOKMARK [3][-]{subsubsection.4.2.2}{\376\377\000P\000a\000r\000t\000i\000a\000l\000l\000y\000\040\000A\000d\000d\000r\000e\000s\000s\000e\000d\000\040\000\050\0001\000/\0005\000\051}{subsection.4.2}% 83
\BOOKMARK [3][-]{subsubsection.4.2.3}{\376\377\000M\000a\000j\000o\000r\000\040\000G\000a\000p\000\040\000R\000e\000q\000u\000i\000r\000i\000n\000g\000\040\000M\000a\000t\000h\000e\000m\000a\000t\000i\000c\000a\000l\000\040\000D\000e\000v\000e\000l\000o\000p\000m\000e\000n\000t\000\040\000\050\0001\000/\0005\000\051}{subsection.4.2}% 84
\BOOKMARK [3][-]{subsubsection.4.2.4}{\376\377\000M\000i\000n\000o\000r\000\040\000G\000a\000p\000\040\000\050\0001\000/\0005\000\051}{subsection.4.2}% 85
\BOOKMARK [2][-]{subsection.4.3}{\376\377\000I\000m\000p\000a\000c\000t\000\040\000o\000n\000\040\000T\000h\000e\000o\000r\000y\000\040\000S\000t\000a\000t\000u\000s}{section.4}% 86
\BOOKMARK [2][-]{subsection.4.4}{\376\377\000M\000e\000t\000h\000o\000d\000o\000l\000o\000g\000i\000c\000a\000l\000\040\000A\000p\000p\000r\000o\000a\000c\000h}{section.4}% 87
\BOOKMARK [1][-]{section.5}{\376\377\000M\000a\000t\000h\000e\000m\000a\000t\000i\000c\000a\000l\000\040\000F\000o\000u\000n\000d\000a\000t\000i\000o\000n\000s}{}% 88
\BOOKMARK [2][-]{subsection.5.1}{\376\377\000T\000F\000C\000A\000\040\000F\000r\000a\000m\000e\000w\000o\000r\000k\000\040\000\050\000T\000r\000i\000-\000F\000o\000r\000m\000a\000l\000\040\000C\000o\000h\000e\000r\000e\000n\000c\000e\000\040\000A\000l\000g\000e\000b\000r\000a\000\051}{section.5}% 89
\BOOKMARK [3][-]{subsubsection.5.1.1}{\376\377\000T\000h\000r\000e\000e\000\040\000E\000q\000u\000i\000v\000a\000l\000e\000n\000t\000\040\000F\000o\000r\000m\000a\000l\000i\000s\000m\000s}{subsection.5.1}% 90
\BOOKMARK [3][-]{subsubsection.5.1.2}{\376\377\000Z\000X\000-\000C\000a\000l\000c\000u\000l\000u\000s\000\040\000F\000o\000u\000n\000d\000a\000t\000i\000o\000n}{subsection.5.1}% 91
\BOOKMARK [3][-]{subsubsection.5.1.3}{\376\377\000C\000l\000i\000f\000f\000o\000r\000d\000\040\000A\000l\000g\000e\000b\000r\000a\000\040\000F\000o\000u\000n\000d\000a\000t\000i\000o\000n}{subsection.5.1}% 92
\BOOKMARK [3][-]{subsubsection.5.1.4}{\376\377\000R\000e\000n\000o\000r\000m\000a\000l\000i\000z\000a\000t\000i\000o\000n\000\040\000G\000r\000o\000u\000p\000\040\000F\000o\000u\000n\000d\000a\000t\000i\000o\000n}{subsection.5.1}% 93
\BOOKMARK [3][-]{subsubsection.5.1.5}{\376\377\000U\000n\000i\000f\000i\000c\000a\000t\000i\000o\000n\000\040\000T\000h\000e\000o\000r\000e\000m}{subsection.5.1}% 94
\BOOKMARK [2][-]{subsection.5.2}{\376\377\000F\000S\000C\000T\000F\000\040\000F\000r\000a\000m\000e\000w\000o\000r\000k\000\040\000\050\000F\000I\000R\000M\000-\000G\000r\000a\000c\000e\000-\000C\000a\000t\000e\000g\000o\000r\000i\000c\000a\000l\000\040\000T\000h\000e\000o\000r\000y\000\051}{section.5}% 95
\BOOKMARK [3][-]{subsubsection.5.2.1}{\376\377\000C\000o\000r\000e\000\040\000O\000p\000e\000r\000a\000t\000o\000r\000s}{subsection.5.2}% 96
\BOOKMARK [3][-]{subsubsection.5.2.2}{\376\377\000G\000r\000a\000c\000e\000\040\000O\000p\000e\000r\000a\000t\000o\000r\000\040\000P\000r\000o\000p\000e\000r\000t\000i\000e\000s}{subsection.5.2}% 97
\BOOKMARK [3][-]{subsubsection.5.2.3}{\376\377\000F\000I\000R\000M\000\040\000M\000e\000t\000r\000i\000c\000\040\000P\000r\000o\000p\000e\000r\000t\000i\000e\000s}{subsection.5.2}% 98
\BOOKMARK [3][-]{subsubsection.5.2.4}{\376\377\000-\000C\000o\000m\000m\000u\000t\000a\000t\000o\000r\000\040\000A\000l\000g\000e\000b\000r\000a}{subsection.5.2}% 99
\BOOKMARK [3][-]{subsubsection.5.2.5}{\376\377\000G\000r\000a\000c\000e\000\040\000S\000e\000l\000e\000c\000t\000i\000o\000n\000\040\000F\000u\000n\000c\000t\000i\000o\000n\000a\000l\000:\000\040\000A\000c\000a\000u\000s\000a\000l\000\040\000C\000o\000h\000e\000r\000e\000n\000c\000e\000\040\000P\000o\000t\000e\000n\000t\000i\000a\000l}{subsection.5.2}% 100
\BOOKMARK [2][-]{subsection.5.3}{\376\377\000C\000o\000m\000p\000l\000e\000t\000e\000\040\000T\000h\000e\000o\000r\000e\000t\000i\000c\000a\000l\000\040\000H\000i\000e\000r\000a\000r\000c\000h\000y\000:\000\040\000E\0008\000\040\000\040\000S\000t\000a\000n\000d\000a\000r\000d\000\040\000M\000o\000d\000e\000l}{section.5}% 101
\BOOKMARK [3][-]{subsubsection.5.3.1}{\376\377\000L\000e\000v\000e\000l\000\040\0001\000:\000\040\000E\0008\000\040\000G\000r\000o\000u\000p\000\040\000\050\0002\0004\0008\000\040\000D\000i\000m\000e\000n\000s\000i\000o\000n\000s\000\051}{subsection.5.3}% 102
\BOOKMARK [3][-]{subsubsection.5.3.2}{\376\377\000L\000e\000v\000e\000l\000\040\0002\000:\000\040\000R\000i\000n\000g\000+\000C\000r\000o\000s\000s\000\040\000T\000o\000p\000o\000l\000o\000g\000y\000\040\000\050\000N\000=\0002\0001\000\051}{subsection.5.3}% 103
\BOOKMARK [3][-]{subsubsection.5.3.3}{\376\377\000L\000e\000v\000e\000l\000\040\0003\000:\000\040\000T\000F\000C\000A\000\040\000\050\000T\000r\000i\000-\000F\000o\000r\000m\000a\000l\000\040\000C\000o\000h\000e\000r\000e\000n\000c\000e\000\040\000A\000l\000g\000e\000b\000r\000a\000\051}{subsection.5.3}% 104
\BOOKMARK [3][-]{subsubsection.5.3.4}{\376\377\000L\000e\000v\000e\000l\000\040\0004\000:\000\040\000F\000S\000C\000T\000F\000\040\000\050\000F\000I\000R\000M\000-\000G\000r\000a\000c\000e\000-\000C\000a\000t\000e\000g\000o\000r\000i\000c\000a\000l\000\040\000T\000h\000e\000o\000r\000y\000\040\000F\000r\000a\000m\000e\000w\000o\000r\000k\000\051}{subsection.5.3}% 105
\BOOKMARK [3][-]{subsubsection.5.3.5}{\376\377\000L\000e\000v\000e\000l\000\040\0005\000:\000\040\000C\000T\000F\000T\000\040\000\050\000C\000o\000h\000e\000r\000e\000n\000c\000e\000\040\000T\000e\000n\000s\000o\000r\000\040\000F\000i\000e\000l\000d\000\040\000T\000h\000e\000o\000r\000y\000\051}{subsection.5.3}% 106
\BOOKMARK [3][-]{subsubsection.5.3.6}{\376\377\000L\000e\000v\000e\000l\000\040\0006\000:\000\040\000S\000t\000a\000n\000d\000a\000r\000d\000\040\000M\000o\000d\000e\000l\000\040\000M\000a\000s\000s\000e\000s\000\040\000\050\000Z\000e\000r\000o\000\040\000F\000r\000e\000e\000\040\000P\000a\000r\000a\000m\000e\000t\000e\000r\000s\000\051}{subsection.5.3}% 107
\BOOKMARK [3][-]{subsubsection.5.3.7}{\376\377\000O\000v\000e\000r\000a\000l\000l\000\040\000V\000a\000l\000i\000d\000a\000t\000i\000o\000n\000\040\000S\000u\000m\000m\000a\000r\000y}{subsection.5.3}% 108
\BOOKMARK [1][-]{section.6}{\376\377\000M\000i\000l\000l\000e\000n\000n\000i\000u\000m\000\040\000P\000r\000i\000z\000e\000\040\000P\000r\000o\000b\000l\000e\000m\000\040\000S\000o\000l\000u\000t\000i\000o\000n\000s}{}% 109
\BOOKMARK [2][-]{subsection.6.1}{\376\377\000Y\000a\000n\000g\000-\000M\000i\000l\000l\000s\000\040\000M\000a\000s\000s\000\040\000G\000a\000p}{section.6}% 110
\BOOKMARK [3][-]{subsubsection.6.1.1}{\376\377\000P\000r\000o\000b\000l\000e\000m\000\040\000S\000t\000a\000t\000e\000m\000e\000n\000t}{subsection.6.1}% 111
\BOOKMARK [3][-]{subsubsection.6.1.2}{\376\377\000O\000u\000r\000\040\000S\000o\000l\000u\000t\000i\000o\000n\000\040\000v\000i\000a\000\040\000G\000r\000a\000c\000e\000\040\000C\000o\000e\000r\000c\000i\000v\000i\000t\000y}{subsection.6.1}% 112
\BOOKMARK [3][-]{subsubsection.6.1.3}{\376\377\000M\000a\000t\000h\000e\000m\000a\000t\000i\000c\000a\000l\000\040\000D\000e\000r\000i\000v\000a\000t\000i\000o\000n}{subsection.6.1}% 113
\BOOKMARK [3][-]{subsubsection.6.1.4}{\376\377\000C\000o\000m\000p\000u\000t\000a\000t\000i\000o\000n\000a\000l\000\040\000V\000e\000r\000i\000f\000i\000c\000a\000t\000i\000o\000n}{subsection.6.1}% 114
\BOOKMARK [2][-]{subsection.6.2}{\376\377\000N\000a\000v\000i\000e\000r\000-\000S\000t\000o\000k\000e\000s\000\040\000G\000l\000o\000b\000a\000l\000\040\000R\000e\000g\000u\000l\000a\000r\000i\000t\000y\000:\000\040\000C\000o\000m\000p\000l\000e\000t\000e\000\040\000P\000r\000o\000o\000f}{section.6}% 115
\BOOKMARK [3][-]{subsubsection.6.2.1}{\376\377\000P\000r\000o\000b\000l\000e\000m\000\040\000S\000t\000a\000t\000e\000m\000e\000n\000t\000\040\000\050\000C\000l\000a\000y\000\040\000M\000i\000l\000l\000e\000n\000n\000i\000u\000m\000\040\000P\000r\000i\000z\000e\000\051}{subsection.6.2}% 116
\BOOKMARK [3][-]{subsubsection.6.2.2}{\376\377\000O\000u\000r\000\040\000A\000p\000p\000r\000o\000a\000c\000h\000:\000\040\000G\000r\000a\000c\000e\000\040\000F\000u\000n\000c\000t\000i\000o\000n\000a\000l\000\040\000a\000s\000\040\000L\000y\000a\000p\000u\000n\000o\000v\000\040\000F\000u\000n\000c\000t\000i\000o\000n}{subsection.6.2}% 117
\BOOKMARK [3][-]{subsubsection.6.2.3}{\376\377\000F\000u\000n\000c\000t\000i\000o\000n\000\040\000S\000p\000a\000c\000e\000\040\000S\000e\000t\000u\000p}{subsection.6.2}% 118
\BOOKMARK [3][-]{subsubsection.6.2.4}{\376\377\000G\000r\000a\000c\000e\000\040\000F\000u\000n\000c\000t\000i\000o\000n\000a\000l\000\040\000D\000e\000f\000i\000n\000i\000t\000i\000o\000n}{subsection.6.2}% 119
\BOOKMARK [3][-]{subsubsection.6.2.5}{\376\377\000P\000h\000y\000s\000i\000c\000a\000l\000\040\000I\000n\000t\000e\000r\000p\000r\000e\000t\000a\000t\000i\000o\000n\000:\000\040\000-\000B\000a\000l\000a\000n\000c\000e}{subsection.6.2}% 120
\BOOKMARK [3][-]{subsubsection.6.2.6}{\376\377\000T\000i\000m\000e\000\040\000E\000v\000o\000l\000u\000t\000i\000o\000n\000\040\000o\000f\000\040\000G\000r\000a\000c\000e\000\040\000F\000u\000n\000c\000t\000i\000o\000n\000a\000l}{subsection.6.2}% 121
\BOOKMARK [3][-]{subsubsection.6.2.7}{\376\377\000T\000h\000e\000\040\000C\000r\000i\000t\000i\000c\000a\000l\000\040\000C\000l\000i\000f\000f\000o\000r\000d\000\040\000A\000l\000g\000e\000b\000r\000a\000\040\000I\000n\000e\000q\000u\000a\000l\000i\000t\000y}{subsection.6.2}% 122
\BOOKMARK [3][-]{subsubsection.6.2.8}{\376\377\000M\000a\000i\000n\000\040\000T\000h\000e\000o\000r\000e\000m\000:\000\040\000L\000y\000a\000p\000u\000n\000o\000v\000\040\000P\000r\000o\000p\000e\000r\000t\000y}{subsection.6.2}% 123
\BOOKMARK [3][-]{subsubsection.6.2.9}{\376\377\000E\000n\000s\000t\000r\000o\000p\000h\000y\000\040\000B\000o\000u\000n\000d\000\040\000f\000o\000r\000\040\000-\000B\000a\000l\000a\000n\000c\000e\000d\000\040\000F\000l\000o\000w\000s}{subsection.6.2}% 124
\BOOKMARK [3][-]{subsubsection.6.2.10}{\376\377\000G\000l\000o\000b\000a\000l\000\040\000R\000e\000g\000u\000l\000a\000r\000i\000t\000y\000\040\000v\000i\000a\000\040\000B\000e\000a\000l\000e\000-\000K\000a\000t\000o\000-\000M\000a\000j\000d\000a\000\040\000C\000r\000i\000t\000e\000r\000i\000o\000n}{subsection.6.2}% 125
\BOOKMARK [3][-]{subsubsection.6.2.11}{\376\377\000W\000h\000y\000\040\000t\000h\000e\000\040\000G\000o\000l\000d\000e\000n\000\040\000R\000a\000t\000i\000o\000?}{subsection.6.2}% 126
\BOOKMARK [3][-]{subsubsection.6.2.12}{\376\377\000S\000t\000a\000t\000u\000s\000\040\000a\000n\000d\000\040\000R\000e\000m\000a\000i\000n\000i\000n\000g\000\040\000W\000o\000r\000k}{subsection.6.2}% 127
\BOOKMARK [3][-]{subsubsection.6.2.13}{\376\377\000C\000u\000r\000r\000e\000n\000t\000\040\000N\000u\000m\000e\000r\000i\000c\000a\000l\000\040\000V\000a\000l\000i\000d\000a\000t\000i\000o\000n\000\040\000S\000t\000a\000t\000u\000s\000:\000\040\000H\000o\000n\000e\000s\000t\000\040\000R\000e\000p\000o\000r\000t}{subsection.6.2}% 128
\BOOKMARK [2][-]{subsection.6.3}{\376\377\000G\000r\000a\000c\000e\000-\000R\000e\000g\000u\000l\000a\000r\000i\000z\000e\000d\000\040\000N\000a\000v\000i\000e\000r\000-\000S\000t\000o\000k\000e\000s\000:\000\040\000C\000o\000m\000p\000l\000e\000t\000e\000\040\000T\000h\000e\000o\000r\000y}{section.6}% 129
\BOOKMARK [3][-]{subsubsection.6.3.1}{\376\377\000G\000r\000a\000c\000e\000\040\000O\000p\000e\000r\000a\000t\000o\000r\000\040\000D\000e\000f\000i\000n\000i\000t\000i\000o\000n}{subsection.6.3}% 130
\BOOKMARK [3][-]{subsubsection.6.3.2}{\376\377\000G\000r\000a\000c\000e\000-\000M\000o\000d\000i\000f\000i\000e\000d\000\040\000N\000a\000v\000i\000e\000r\000-\000S\000t\000o\000k\000e\000s\000\040\000E\000q\000u\000a\000t\000i\000o\000n\000s}{subsection.6.3}% 131
\BOOKMARK [3][-]{subsubsection.6.3.3}{\376\377\000B\000o\000u\000n\000d\000e\000d\000\040\000E\000n\000s\000t\000r\000o\000p\000h\000y\000\040\000T\000h\000e\000o\000r\000e\000m}{subsection.6.3}% 132
\BOOKMARK [3][-]{subsubsection.6.3.4}{\376\377\000P\000r\000o\000o\000f\000\040\000S\000k\000e\000t\000c\000h}{subsection.6.3}% 133
\BOOKMARK [3][-]{subsubsection.6.3.5}{\376\377\000G\000l\000o\000b\000a\000l\000\040\000R\000e\000g\000u\000l\000a\000r\000i\000t\000y\000\040\000R\000e\000s\000u\000l\000t}{subsection.6.3}% 134
\BOOKMARK [3][-]{subsubsection.6.3.6}{\376\377\000D\000i\000s\000p\000e\000r\000s\000i\000o\000n\000\040\000R\000e\000l\000a\000t\000i\000o\000n\000s\000\040\000a\000n\000d\000\040\000T\000u\000r\000b\000u\000l\000e\000n\000c\000e\000\040\000S\000p\000e\000c\000t\000r\000u\000m}{subsection.6.3}% 135
\BOOKMARK [3][-]{subsubsection.6.3.7}{\376\377\000E\000x\000p\000e\000r\000i\000m\000e\000n\000t\000a\000l\000\040\000P\000r\000e\000d\000i\000c\000t\000i\000o\000n\000s\000\040\000a\000n\000d\000\040\000V\000a\000l\000i\000d\000a\000t\000i\000o\000n}{subsection.6.3}% 136
\BOOKMARK [3][-]{subsubsection.6.3.8}{\376\377\000N\000u\000m\000e\000r\000i\000c\000a\000l\000\040\000V\000a\000l\000i\000d\000a\000t\000i\000o\000n\000\040\000R\000e\000s\000u\000l\000t\000s}{subsection.6.3}% 137
\BOOKMARK [3][-]{subsubsection.6.3.9}{\376\377\000C\000o\000m\000p\000a\000r\000i\000s\000o\000n\000:\000\040\000S\000t\000a\000n\000d\000a\000r\000d\000\040\000N\000S\000\040\000v\000s\000.\000\040\000G\000r\000a\000c\000e\000-\000N\000S}{subsection.6.3}% 138
\BOOKMARK [3][-]{subsubsection.6.3.10}{\376\377\000K\000e\000y\000\040\000I\000n\000s\000i\000g\000h\000t\000s}{subsection.6.3}% 139
\BOOKMARK [3][-]{subsubsection.6.3.11}{\376\377\000O\000p\000e\000n\000\040\000Q\000u\000e\000s\000t\000i\000o\000n\000s}{subsection.6.3}% 140
\BOOKMARK [3][-]{subsubsection.6.3.12}{\376\377\000S\000t\000a\000t\000u\000s\000\040\000S\000u\000m\000m\000a\000r\000y}{subsection.6.3}% 141
\BOOKMARK [2][-]{subsection.6.4}{\376\377\000R\000i\000e\000m\000a\000n\000n\000\040\000H\000y\000p\000o\000t\000h\000e\000s\000i\000s}{section.6}% 142
\BOOKMARK [3][-]{subsubsection.6.4.1}{\376\377\000P\000r\000o\000b\000l\000e\000m\000\040\000S\000t\000a\000t\000e\000m\000e\000n\000t}{subsection.6.4}% 143
\BOOKMARK [3][-]{subsubsection.6.4.2}{\376\377\000O\000u\000r\000\040\000S\000o\000l\000u\000t\000i\000o\000n\000\040\000v\000i\000a\000\040\000G\000r\000a\000p\000h\000\040\000S\000p\000e\000c\000t\000r\000u\000m}{subsection.6.4}% 144
\BOOKMARK [3][-]{subsubsection.6.4.3}{\376\377\000M\000a\000t\000h\000e\000m\000a\000t\000i\000c\000a\000l\000\040\000C\000o\000n\000n\000e\000c\000t\000i\000o\000n}{subsection.6.4}% 145
\BOOKMARK [3][-]{subsubsection.6.4.4}{\376\377\000C\000a\000t\000e\000g\000o\000r\000i\000c\000a\000l\000\040\000S\000y\000m\000m\000e\000t\000r\000y}{subsection.6.4}% 146
\BOOKMARK [3][-]{subsubsection.6.4.5}{\376\377\000C\000o\000m\000p\000u\000t\000a\000t\000i\000o\000n\000a\000l\000\040\000V\000e\000r\000i\000f\000i\000c\000a\000t\000i\000o\000n}{subsection.6.4}% 147
\BOOKMARK [1][-]{section.7}{\376\377\000G\000a\000p\000\040\000R\000e\000s\000o\000l\000u\000t\000i\000o\000n\000\040\000A\000n\000a\000l\000y\000s\000i\000s}{}% 148
\BOOKMARK [2][-]{subsection.7.1}{\376\377\000C\000r\000i\000t\000i\000c\000a\000l\000\040\000G\000a\000p\000s\000\040\000I\000d\000e\000n\000t\000i\000f\000i\000e\000d\000\040\000a\000n\000d\000\040\000R\000e\000s\000o\000l\000v\000e\000d}{section.7}% 149
\BOOKMARK [3][-]{subsubsection.7.1.1}{\376\377\000G\000a\000p\000\040\0001\000:\000\040\000N\000a\000v\000i\000e\000r\000-\000S\000t\000o\000k\000e\000s\000\040\000G\000l\000o\000b\000a\000l\000\040\000C\000o\000n\000v\000e\000r\000g\000e\000n\000c\000e}{subsection.7.1}% 150
\BOOKMARK [3][-]{subsubsection.7.1.2}{\376\377\000G\000a\000p\000\040\0002\000:\000\040\000C\000K\000M\000\040\000M\000i\000x\000i\000n\000g\000\040\000F\000a\000c\000t\000o\000r\000s}{subsection.7.1}% 151
\BOOKMARK [3][-]{subsubsection.7.1.3}{\376\377\000G\000a\000p\000\040\0003\000:\000\040\000S\000t\000r\000o\000n\000g\000\040\000C\000o\000u\000p\000l\000i\000n\000g\000\040\000P\000r\000e\000d\000i\000c\000t\000i\000o\000n\000\040\000E\000r\000r\000o\000r}{subsection.7.1}% 152
\BOOKMARK [3][-]{subsubsection.7.1.4}{\376\377\000G\000a\000p\000\040\0004\000:\000\040\000R\000i\000n\000g\000+\000C\000r\000o\000s\000s\000\040\000G\000e\000o\000m\000e\000t\000r\000y\000\040\000A\000m\000b\000i\000g\000u\000i\000t\000y}{subsection.7.1}% 153
\BOOKMARK [2][-]{subsection.7.2}{\376\377\000R\000e\000v\000i\000s\000e\000d\000\040\000P\000r\000o\000j\000e\000c\000t\000\040\000S\000t\000a\000t\000u\000s\000\040\000w\000i\000t\000h\000\040\000D\000e\000t\000a\000i\000l\000e\000d\000\040\000I\000m\000p\000l\000e\000m\000e\000n\000t\000a\000t\000i\000o\000n\000\040\000P\000a\000t\000h\000s}{section.7}% 154
\BOOKMARK [3][-]{subsubsection.7.2.1}{\376\377\000G\000a\000p\000\040\0001\000:\000\040\000N\000a\000v\000i\000e\000r\000-\000S\000t\000o\000k\000e\000s\000\040\000-\000\040\000C\000o\000m\000p\000l\000e\000t\000e\000\040\000I\000m\000p\000l\000e\000m\000e\000n\000t\000a\000t\000i\000o\000n\000\040\000P\000a\000t\000h}{subsection.7.2}% 155
\BOOKMARK [3][-]{subsubsection.7.2.2}{\376\377\000G\000a\000p\000\040\0002\000:\000\040\000C\000K\000M\000\040\000M\000i\000x\000i\000n\000g\000\040\000-\000\040\000C\000o\000m\000p\000l\000e\000t\000e\000\040\000C\000o\000m\000p\000u\000t\000a\000t\000i\000o\000n\000\040\000P\000a\000t\000h}{subsection.7.2}% 156
\BOOKMARK [3][-]{subsubsection.7.2.3}{\376\377\000G\000a\000p\000\040\0003\000:\000\040\000Q\000C\000D\000\040\000C\000o\000n\000f\000i\000n\000e\000m\000e\000n\000t\000\040\000-\000\040\000P\000a\000r\000a\000m\000e\000t\000e\000r\000\040\000R\000e\000f\000i\000n\000e\000m\000e\000n\000t\000\040\000P\000a\000t\000h}{subsection.7.2}% 157
\BOOKMARK [3][-]{subsubsection.7.2.4}{\376\377\000G\000a\000p\000\040\0004\000:\000\040\000R\000i\000n\000g\000+\000C\000r\000o\000s\000s\000\040\000U\000n\000i\000q\000u\000e\000n\000e\000s\000s\000\040\000-\000\040\000E\000x\000p\000l\000i\000c\000i\000t\000\040\000C\000o\000n\000s\000t\000r\000u\000c\000t\000i\000o\000n}{subsection.7.2}% 158
\BOOKMARK [2][-]{subsection.7.3}{\376\377\000O\000v\000e\000r\000a\000l\000l\000\040\000C\000o\000m\000p\000l\000e\000t\000e\000n\000e\000s\000s\000\040\000A\000s\000s\000e\000s\000s\000m\000e\000n\000t}{section.7}% 159
\BOOKMARK [2][-]{subsection.7.4}{\376\377\000R\000e\000v\000i\000s\000e\000d\000\040\000P\000r\000o\000j\000e\000c\000t\000\040\000S\000t\000a\000t\000u\000s}{section.7}% 160
\BOOKMARK [1][-]{section.8}{\376\377\000E\000x\000p\000e\000r\000i\000m\000e\000n\000t\000a\000l\000\040\000P\000r\000e\000d\000i\000c\000t\000i\000o\000n\000s\000\040\000a\000n\000d\000\040\000V\000a\000l\000i\000d\000a\000t\000i\000o\000n}{}% 161
\BOOKMARK [2][-]{subsection.8.1}{\376\377\000T\000e\000s\000t\000a\000b\000l\000e\000\040\000P\000r\000e\000d\000i\000c\000t\000i\000o\000n\000s}{section.8}% 162
\BOOKMARK [3][-]{subsubsection.8.1.1}{\376\377\000G\000r\000a\000c\000e\000\040\000S\000e\000l\000e\000c\000t\000i\000o\000n\000\040\000F\000u\000n\000c\000t\000i\000o\000n\000a\000l\000\040\000P\000r\000e\000d\000i\000c\000t\000i\000o\000n\000s}{subsection.8.1}% 163
\BOOKMARK [3][-]{subsubsection.8.1.2}{\376\377\000N\000e\000u\000t\000r\000i\000n\000o\000\040\000P\000h\000y\000s\000i\000c\000s\000\040\000P\000r\000e\000d\000i\000c\000t\000i\000o\000n\000s}{subsection.8.1}% 164
\BOOKMARK [3][-]{subsubsection.8.1.3}{\376\377\000H\000i\000g\000g\000s\000\040\000P\000h\000y\000s\000i\000c\000s\000\040\000P\000r\000e\000d\000i\000c\000t\000i\000o\000n\000s}{subsection.8.1}% 165
\BOOKMARK [3][-]{subsubsection.8.1.4}{\376\377\000G\000a\000u\000g\000e\000\040\000C\000o\000u\000p\000l\000i\000n\000g\000\040\000P\000r\000e\000d\000i\000c\000t\000i\000o\000n\000s}{subsection.8.1}% 166
\BOOKMARK [3][-]{subsubsection.8.1.5}{\376\377\000C\000o\000s\000m\000o\000l\000o\000g\000i\000c\000a\000l\000\040\000P\000r\000e\000d\000i\000c\000t\000i\000o\000n\000s}{subsection.8.1}% 167
\BOOKMARK [2][-]{subsection.8.2}{\376\377\000V\000a\000l\000i\000d\000a\000t\000i\000o\000n\000\040\000M\000e\000t\000h\000o\000d\000o\000l\000o\000g\000y}{section.8}% 168
\BOOKMARK [3][-]{subsubsection.8.2.1}{\376\377\000C\000o\000m\000p\000u\000t\000a\000t\000i\000o\000n\000a\000l\000\040\000V\000a\000l\000i\000d\000a\000t\000i\000o\000n}{subsection.8.2}% 169
\BOOKMARK [3][-]{subsubsection.8.2.2}{\376\377\000E\000x\000p\000e\000r\000i\000m\000e\000n\000t\000a\000l\000\040\000V\000a\000l\000i\000d\000a\000t\000i\000o\000n\000\040\000S\000t\000r\000a\000t\000e\000g\000y}{subsection.8.2}% 170
\BOOKMARK [2][-]{subsection.8.3}{\376\377\000F\000a\000l\000s\000i\000f\000i\000c\000a\000t\000i\000o\000n\000\040\000C\000r\000i\000t\000e\000r\000i\000a}{section.8}% 171
\BOOKMARK [2][-]{subsection.8.4}{\376\377\000C\000o\000m\000p\000u\000t\000a\000t\000i\000o\000n\000a\000l\000\040\000R\000e\000p\000r\000o\000d\000u\000c\000i\000b\000i\000l\000i\000t\000y}{section.8}% 172
\BOOKMARK [3][-]{subsubsection.8.4.1}{\376\377\000C\000o\000d\000e\000\040\000R\000e\000p\000o\000s\000i\000t\000o\000r\000y\000\040\000S\000t\000r\000u\000c\000t\000u\000r\000e}{subsection.8.4}% 173
\BOOKMARK [3][-]{subsubsection.8.4.2}{\376\377\000R\000u\000n\000t\000i\000m\000e\000\040\000S\000p\000e\000c\000i\000f\000i\000c\000a\000t\000i\000o\000n\000s}{subsection.8.4}% 174
\BOOKMARK [3][-]{subsubsection.8.4.3}{\376\377\000D\000e\000p\000e\000n\000d\000e\000n\000c\000y\000\040\000R\000e\000q\000u\000i\000r\000e\000m\000e\000n\000t\000s}{subsection.8.4}% 175
\BOOKMARK [3][-]{subsubsection.8.4.4}{\376\377\000I\000n\000d\000e\000p\000e\000n\000d\000e\000n\000t\000\040\000V\000e\000r\000i\000f\000i\000c\000a\000t\000i\000o\000n\000\040\000P\000r\000o\000t\000o\000c\000o\000l}{subsection.8.4}% 176
\BOOKMARK [3][-]{subsubsection.8.4.5}{\376\377\000R\000e\000p\000r\000o\000d\000u\000c\000i\000b\000i\000l\000i\000t\000y\000\040\000C\000h\000e\000c\000k\000l\000i\000s\000t}{subsection.8.4}% 177
\BOOKMARK [3][-]{subsubsection.8.4.6}{\376\377\000C\000o\000n\000t\000a\000c\000t\000\040\000f\000o\000r\000\040\000V\000e\000r\000i\000f\000i\000c\000a\000t\000i\000o\000n\000\040\000S\000u\000p\000p\000o\000r\000t}{subsection.8.4}% 178
\BOOKMARK [1][-]{section.9}{\376\377\000D\000i\000s\000c\000u\000s\000s\000i\000o\000n}{}% 179
\BOOKMARK [2][-]{subsection.9.1}{\376\377\000U\000n\000i\000f\000i\000c\000a\000t\000i\000o\000n\000\040\000A\000c\000h\000i\000e\000v\000e\000d}{section.9}% 180
\BOOKMARK [3][-]{subsubsection.9.1.1}{\376\377\000P\000h\000y\000s\000i\000c\000s\000\040\000U\000n\000i\000f\000i\000c\000a\000t\000i\000o\000n}{subsection.9.1}% 181
\BOOKMARK [3][-]{subsubsection.9.1.2}{\376\377\000M\000a\000t\000h\000e\000m\000a\000t\000i\000c\000a\000l\000\040\000U\000n\000i\000f\000i\000c\000a\000t\000i\000o\000n}{subsection.9.1}% 182
\BOOKMARK [3][-]{subsubsection.9.1.3}{\376\377\000P\000h\000i\000l\000o\000s\000o\000p\000h\000i\000c\000a\000l\000\040\000U\000n\000i\000f\000i\000c\000a\000t\000i\000o\000n}{subsection.9.1}% 183
\BOOKMARK [3][-]{subsubsection.9.1.4}{\376\377\000O\000n\000t\000o\000l\000o\000g\000i\000c\000a\000l\000\040\000I\000m\000p\000l\000i\000c\000a\000t\000i\000o\000n\000s\000:\000\040\000N\000o\000t\000h\000i\000n\000g\000\040\000i\000s\000\040\000S\000t\000a\000t\000i\000s\000t\000i\000c\000a\000l\000\040\000A\000r\000t\000i\000f\000a\000c\000t}{subsection.9.1}% 184
\BOOKMARK [2][-]{subsection.9.2}{\376\377\000C\000o\000n\000s\000c\000i\000o\000u\000s\000n\000e\000s\000s\000\040\000a\000n\000d\000\040\000t\000h\000e\000\040\000H\000a\000r\000d\000\040\000P\000r\000o\000b\000l\000e\000m}{section.9}% 185
\BOOKMARK [3][-]{subsubsection.9.2.1}{\376\377\000T\000h\000e\000\040\000T\000r\000a\000d\000i\000t\000i\000o\000n\000a\000l\000\040\000H\000a\000r\000d\000\040\000P\000r\000o\000b\000l\000e\000m}{subsection.9.2}% 186
\BOOKMARK [3][-]{subsubsection.9.2.2}{\376\377\000T\000F\000C\000A\000\040\000S\000o\000l\000u\000t\000i\000o\000n\000:\000\040\000T\000h\000r\000e\000e\000\040\000A\000s\000p\000e\000c\000t\000s\000\040\000o\000f\000\040\000C\000o\000n\000s\000c\000i\000o\000u\000s\000n\000e\000s\000s}{subsection.9.2}% 187
\BOOKMARK [3][-]{subsubsection.9.2.3}{\376\377\000T\000h\000e\000\040\000U\000n\000i\000t\000y\000\040\000o\000f\000\040\000C\000o\000n\000s\000c\000i\000o\000u\000s\000n\000e\000s\000s}{subsection.9.2}% 188
\BOOKMARK [3][-]{subsubsection.9.2.4}{\376\377\000S\000o\000v\000e\000r\000e\000i\000g\000n\000\040\000C\000o\000n\000s\000c\000i\000o\000u\000s\000n\000e\000s\000s\000\040\000\050\000C\000\040\042\145\000\040\0001\000\051}{subsection.9.2}% 189
\BOOKMARK [3][-]{subsubsection.9.2.5}{\376\377\000F\000i\000v\000e\000\040\000M\000a\000j\000o\000r\000\040\000T\000h\000e\000o\000r\000e\000m\000s\000\040\000P\000r\000o\000v\000e\000n}{subsection.9.2}% 190
\BOOKMARK [3][-]{subsubsection.9.2.6}{\376\377\000P\000h\000i\000l\000o\000s\000o\000p\000h\000i\000c\000a\000l\000\040\000I\000m\000p\000l\000i\000c\000a\000t\000i\000o\000n\000s}{subsection.9.2}% 191
\BOOKMARK [3][-]{subsubsection.9.2.7}{\376\377\000T\000e\000s\000t\000a\000b\000l\000e\000\040\000P\000r\000e\000d\000i\000c\000t\000i\000o\000n\000s}{subsection.9.2}% 192
\BOOKMARK [3][-]{subsubsection.9.2.8}{\376\377\000S\000t\000a\000t\000u\000s\000\040\000a\000n\000d\000\040\000F\000u\000r\000t\000h\000e\000r\000\040\000W\000o\000r\000k}{subsection.9.2}% 193
\BOOKMARK [2][-]{subsection.9.3}{\376\377\000G\000a\000p\000\040\000R\000e\000s\000o\000l\000u\000t\000i\000o\000n\000\040\000a\000n\000d\000\040\000C\000o\000m\000p\000l\000e\000t\000e\000n\000e\000s\000s}{section.9}% 194
\BOOKMARK [3][-]{subsubsection.9.3.1}{\376\377\000H\000o\000n\000e\000s\000t\000\040\000A\000s\000s\000e\000s\000s\000m\000e\000n\000t}{subsection.9.3}% 195
\BOOKMARK [3][-]{subsubsection.9.3.2}{\376\377\000R\000e\000m\000a\000i\000n\000i\000n\000g\000\040\000W\000o\000r\000k}{subsection.9.3}% 196
\BOOKMARK [2][-]{subsection.9.4}{\376\377\000P\000a\000r\000a\000d\000i\000g\000m\000\040\000S\000h\000i\000f\000t\000s}{section.9}% 197
\BOOKMARK [3][-]{subsubsection.9.4.1}{\376\377\000S\000p\000a\000c\000e\000t\000i\000m\000e\000\040\000a\000s\000\040\000E\000m\000e\000r\000g\000e\000n\000t}{subsection.9.4}% 198
\BOOKMARK [3][-]{subsubsection.9.4.2}{\376\377\000C\000o\000n\000s\000t\000a\000n\000t\000s\000\040\000a\000s\000\040\000D\000e\000r\000i\000v\000e\000d}{subsection.9.4}% 199
\BOOKMARK [3][-]{subsubsection.9.4.3}{\376\377\000B\000o\000o\000t\000s\000t\000r\000a\000p\000\040\000C\000o\000s\000m\000o\000l\000o\000g\000y}{subsection.9.4}% 200
\BOOKMARK [2][-]{subsection.9.5}{\376\377\000C\000o\000m\000p\000a\000r\000i\000s\000o\000n\000\040\000w\000i\000t\000h\000\040\000E\000x\000i\000s\000t\000i\000n\000g\000\040\000T\000h\000e\000o\000r\000i\000e\000s}{section.9}% 201
\BOOKMARK [3][-]{subsubsection.9.5.1}{\376\377\000A\000d\000v\000a\000n\000t\000a\000g\000e\000s\000\040\000O\000v\000e\000r\000\040\000C\000o\000m\000p\000e\000t\000i\000t\000o\000r\000s}{subsection.9.5}% 202
\BOOKMARK [2][-]{subsection.9.6}{\376\377\000I\000m\000p\000l\000i\000c\000a\000t\000i\000o\000n\000s\000\040\000f\000o\000r\000\040\000P\000h\000y\000s\000i\000c\000s}{section.9}% 203
\BOOKMARK [3][-]{subsubsection.9.6.1}{\376\377\000N\000e\000w\000\040\000R\000e\000s\000e\000a\000r\000c\000h\000\040\000D\000i\000r\000e\000c\000t\000i\000o\000n\000s}{subsection.9.6}% 204
\BOOKMARK [3][-]{subsubsection.9.6.2}{\376\377\000T\000e\000c\000h\000n\000o\000l\000o\000g\000i\000c\000a\000l\000\040\000A\000p\000p\000l\000i\000c\000a\000t\000i\000o\000n\000s}{subsection.9.6}% 205
\BOOKMARK [2][-]{subsection.9.7}{\376\377\000O\000b\000j\000e\000c\000t\000i\000o\000n\000s\000\040\000a\000n\000d\000\040\000R\000e\000s\000p\000o\000n\000s\000e\000s}{section.9}% 206
\BOOKMARK [3][-]{subsubsection.9.7.1}{\376\377\000"\000T\000h\000i\000s\000\040\000i\000s\000\040\000j\000u\000s\000t\000\040\000n\000u\000m\000e\000r\000o\000l\000o\000g\000y\000"}{subsection.9.7}% 207
\BOOKMARK [3][-]{subsubsection.9.7.2}{\376\377\000"\000E\0008\000\040\000h\000a\000s\000\040\000b\000e\000e\000n\000\040\000t\000r\000i\000e\000d\000\040\000b\000e\000f\000o\000r\000e\000\040\000\050\000L\000i\000s\000i\000\040\0002\0000\0000\0007\000\051\000"}{subsection.9.7}% 208
\BOOKMARK [3][-]{subsubsection.9.7.3}{\376\377\000"\000T\000h\000r\000e\000e\000\040\000g\000e\000n\000e\000r\000a\000t\000i\000o\000n\000s\000\040\000i\000s\000\040\000c\000o\000i\000n\000c\000i\000d\000e\000n\000c\000e\000"}{subsection.9.7}% 209
\BOOKMARK [3][-]{subsubsection.9.7.4}{\376\377\000"\000N\000o\000\040\000p\000e\000e\000r\000\040\000r\000e\000v\000i\000e\000w\000"}{subsection.9.7}% 210
\BOOKMARK [1][-]{section.10}{\376\377\000C\000o\000n\000c\000l\000u\000s\000i\000o\000n}{}% 211
\BOOKMARK [2][-]{subsection.10.1}{\376\377\000S\000u\000m\000m\000a\000r\000y\000\040\000o\000f\000\040\000A\000c\000h\000i\000e\000v\000e\000m\000e\000n\000t\000s}{section.10}% 212
\BOOKMARK [2][-]{subsection.10.2}{\376\377\000T\000h\000e\000o\000r\000y\000\040\000C\000o\000m\000p\000l\000e\000t\000e\000n\000e\000s\000s\000\040\000P\000o\000s\000t\000-\000R\000e\000s\000o\000l\000u\000t\000i\000o\000n}{section.10}% 213
\BOOKMARK [2][-]{subsection.10.3}{\376\377\000F\000u\000t\000u\000r\000e\000\040\000W\000o\000r\000k}{section.10}% 214
\BOOKMARK [3][-]{subsubsection.10.3.1}{\376\377\000C\000r\000i\000t\000i\000c\000a\000l\000\040\000M\000a\000t\000h\000e\000m\000a\000t\000i\000c\000a\000l\000\040\000D\000e\000v\000e\000l\000o\000p\000m\000e\000n\000t\000\040\000\050\000P\000r\000i\000m\000a\000r\000y\000\051}{subsection.10.3}% 215
\BOOKMARK [3][-]{subsubsection.10.3.2}{\376\377\000C\000o\000m\000p\000u\000t\000a\000t\000i\000o\000n\000a\000l\000\040\000V\000a\000l\000i\000d\000a\000t\000i\000o\000n\000\040\000\050\000S\000e\000c\000o\000n\000d\000a\000r\000y\000\051}{subsection.10.3}% 216
\BOOKMARK [3][-]{subsubsection.10.3.3}{\376\377\000T\000h\000e\000o\000r\000e\000t\000i\000c\000a\000l\000\040\000R\000e\000f\000i\000n\000e\000m\000e\000n\000t\000s\000\040\000\050\000T\000e\000r\000t\000i\000a\000r\000y\000\051}{subsection.10.3}% 217
\BOOKMARK [3][-]{subsubsection.10.3.4}{\376\377\000L\000o\000n\000g\000-\000t\000e\000r\000m\000\040\000E\000x\000t\000e\000n\000s\000i\000o\000n\000s\000\040\000\050\000F\000u\000t\000u\000r\000e\000\040\000R\000e\000s\000e\000a\000r\000c\000h\000\051}{subsection.10.3}% 218
\BOOKMARK [2][-]{subsection.10.4}{\376\377\000P\000h\000i\000l\000o\000s\000o\000p\000h\000i\000c\000a\000l\000\040\000S\000i\000g\000n\000i\000f\000i\000c\000a\000n\000c\000e}{section.10}% 219
\BOOKMARK [2][-]{subsection.10.5}{\376\377\000F\000i\000n\000a\000l\000\040\000A\000s\000s\000e\000s\000s\000m\000e\000n\000t}{section.10}% 220
\BOOKMARK [3][-]{subsubsection.10.5.1}{\376\377\000S\000t\000r\000o\000n\000g\000\040\000C\000o\000m\000p\000o\000n\000e\000n\000t\000s}{subsection.10.5}% 221
\BOOKMARK [3][-]{subsubsection.10.5.2}{\376\377\000A\000r\000e\000a\000s\000\040\000N\000e\000e\000d\000i\000n\000g\000\040\000D\000e\000v\000e\000l\000o\000p\000m\000e\000n\000t}{subsection.10.5}% 222
\BOOKMARK [3][-]{subsubsection.10.5.3}{\376\377\000S\000t\000a\000t\000u\000s\000\040\000S\000u\000m\000m\000a\000r\000y}{subsection.10.5}% 223
